<?xml version="1.0" encoding="UTF-8"?>
<testsuite name="SimpleBankSystemTest" tests="1" skipped="0" failures="0" errors="0" timestamp="2022-07-15T18:03:32" hostname="DESKTOP-4QC3CCL" time="2.616">
  <properties/>
  <testcase name="start" classname="SimpleBankSystemTest" time="2.616"/>
  <system-out><![CDATA[?[1;31m
Start test 1?[0m
1. Create an account
2. Log into account
0. Exit
> 0
Bye!
?[1;31m
Start test 2?[0m
1. Create an account
2. Log into account
0. Exit
> 0
Bye!
?[1;31m
Start test 3?[0m
1. Create an account
2. Log into account
0. Exit
> 0
Bye!
?[1;31m
Start test 4?[0m
1. Create an account
2. Log into account
0. Exit
> 0
Bye!
?[1;31m
Start test 5?[0m
1. Create an account
2. Log into account
0. Exit
> 1
Your card has been created
Your card number:
4000005546286387
Your card PIN:
6093
1. Create an account
2. Log into account
0. Exit
> 1
Your card has been created
Your card number:
4000003137786634
Your card PIN:
7676
1. Create an account
2. Log into account
0. Exit
> 1
Your card has been created
Your card number:
4000006576892854
Your card PIN:
1270
1. Create an account
2. Log into account
0. Exit
> 1
Your card has been created
Your card number:
4000006920146940
Your card PIN:
7409
1. Create an account
2. Log into account
0. Exit
> 1
Your card has been created
Your card number:
4000009650617254
Your card PIN:
4803
1. Create an account
2. Log into account
0. Exit
> 0
Bye!
4000005546286387
4000003137786634
4000006576892854
4000006920146940
4000009650617254
?[1;31m
Start test 6?[0m
1. Create an account
2. Log into account
0. Exit
> 1
Your card has been created
Your card number:
4000001075285239
Your card PIN:
6169
1. Create an account
2. Log into account
0. Exit
> 2
Enter your card number:
> 4000001075285239
Enter your PIN:
> 6169
You have successfully logged in!
1. Balance
2. Log out
0. Exit
> 0
Bye!
?[1;31m
Start test 7?[0m
1. Create an account
2. Log into account
0. Exit
> 1
Your card has been created
Your card number:
4000007482261622
Your card PIN:
2829
1. Create an account
2. Log into account
0. Exit
> 2
Enter your card number:
> 4000007482261622
Enter your PIN:
> 6086
Wrong card number or PIN!
1. Create an account
2. Log into account
0. Exit
> 0
Bye!
?[1;31m
Start test 8?[0m
1. Create an account
2. Log into account
0. Exit
> 1
Your card has been created
Your card number:
4000007805350300
Your card PIN:
5075
1. Create an account
2. Log into account
0. Exit
> 2
Enter your card number:
> 400000617613629
Enter your PIN:
> 5075
Wrong card number or PIN!
1. Create an account
2. Log into account
0. Exit
> 0
Bye!
?[1;31m
Start test 9?[0m
1. Create an account
2. Log into account
0. Exit
> 1
Your card has been created
Your card number:
4000004782264299
Your card PIN:
8643
1. Create an account
2. Log into account
0. Exit
> 2
Enter your card number:
> 4000004782264299
Enter your PIN:
> 8643
You have successfully logged in!
1. Balance
2. Log out
0. Exit
> 1
Balance: 0
1. Balance
2. Log out
0. Exit
> 0
Bye!
]]></system-out>
  <system-err><![CDATA[]]></system-err>
</testsuite>
